<?xml version="1.0" encoding="UTF-8"?><testsuite errors="1" failures="0" name="Realizar una busqueda de un hotel en la pagina de booking" skipped="0" tests="1" time="80.57" timestamp="2020-01-09 09:30:40"><testcase name="el cliente quiere abrir la página de booking"><error message="element click intercepted: Element &lt;span class=&quot;sr-hotel__name&#10;&quot; data-et-click=&quot;   customGoal:OQLOLOLOXaTFKGHCcZQHKKATXT:1    &quot;&gt;...&lt;/span&gt; is not clickable at point (698, 550). Other element would receive the click: &lt;div class=&quot;sr-usp-overlay sr-usp-overlay--wide&quot; style=&quot;top: 500.667px; left: 357.667px; width: 834px; height: 8557px;&quot;&gt;...&lt;/div&gt;&#10;  (Session info: chrome=79.0.3945.117)&#10;Build info: version: '3.141.59', revision: 'e82be7d358', time: '2018-11-14T08:17:03'&#10;System info: host: 'CPX-Y85D9VHJPOU', ip: '10.11.48.42', os.name: 'Windows 10', os.arch: 'amd64', os.version: '10.0', java.version: '1.8.0_231'&#10;Driver info: org.openqa.selenium.chrome.ChromeDriver&#10;Capabilities {acceptInsecureCerts: false, browserName: chrome, browserVersion: 79.0.3945.117, chrome: {chromedriverVersion: 78.0.3904.70 (edb9c9f3de024..., userDataDir: C:\Users\l.echeverria.moren...}, goog:chromeOptions: {debuggerAddress: localhost:57781}, javascriptEnabled: true, networkConnectionEnabled: false, pageLoadStrategy: normal, platform: XP, platformName: XP, proxy: Proxy(), setWindowRect: true, strictFileInteractability: false, timeouts: {implicit: 0, pageLoad: 300000, script: 30000}, unhandledPromptBehavior: dismiss and notify}&#10;Session ID: bf940936c655043b703afb523425373a" type="org.openqa.selenium.ElementClickInterceptedException">element click intercepted: Element &lt;span class="sr-hotel__name
" data-et-click="   customGoal:OQLOLOLOXaTFKGHCcZQHKKATXT:1    "&gt;...&lt;/span&gt; is not clickable at point (698, 550). Other element would receive the click: &lt;div class="sr-usp-overlay sr-usp-overlay--wide" style="top: 500.667px; left: 357.667px; width: 834px; height: 8557px;"&gt;...&lt;/div&gt;
  (Session info: chrome=79.0.3945.117)
Build info: version: '3.141.59', revision: 'e82be7d358', time: '2018-11-14T08:17:03'
System info: host: 'CPX-Y85D9VHJPOU', ip: '10.11.48.42', os.name: 'Windows 10', os.arch: 'amd64', os.version: '10.0', java.version: '1.8.0_231'
Driver info: org.openqa.selenium.chrome.ChromeDriver
Capabilities {acceptInsecureCerts: false, browserName: chrome, browserVersion: 79.0.3945.117, chrome: {chromedriverVersion: 78.0.3904.70 (edb9c9f3de024..., userDataDir: C:\Users\l.echeverria.moren...}, goog:chromeOptions: {debuggerAddress: localhost:57781}, javascriptEnabled: true, networkConnectionEnabled: false, pageLoadStrategy: normal, platform: XP, platformName: XP, proxy: Proxy(), setWindowRect: true, strictFileInteractability: false, timeouts: {implicit: 0, pageLoad: 300000, script: 30000}, unhandledPromptBehavior: dismiss and notify}
Session ID: bf940936c655043b703afb523425373a</error><system-err>element click intercepted: Element &lt;span class="sr-hotel__name
" data-et-click="   customGoal:OQLOLOLOXaTFKGHCcZQHKKATXT:1    "&gt;...&lt;/span&gt; is not clickable at point (698, 550). Other element would receive the click: &lt;div class="sr-usp-overlay sr-usp-overlay--wide" style="top: 500.667px; left: 357.667px; width: 834px; height: 8557px;"&gt;...&lt;/div&gt;
  (Session info: chrome=79.0.3945.117)
Build info: version: '3.141.59', revision: 'e82be7d358', time: '2018-11-14T08:17:03'
System info: host: 'CPX-Y85D9VHJPOU', ip: '10.11.48.42', os.name: 'Windows 10', os.arch: 'amd64', os.version: '10.0', java.version: '1.8.0_231'
Driver info: org.openqa.selenium.chrome.ChromeDriver
Capabilities {acceptInsecureCerts: false, browserName: chrome, browserVersion: 79.0.3945.117, chrome: {chromedriverVersion: 78.0.3904.70 (edb9c9f3de024..., userDataDir: C:\Users\l.echeverria.moren...}, goog:chromeOptions: {debuggerAddress: localhost:57781}, javascriptEnabled: true, networkConnectionEnabled: false, pageLoadStrategy: normal, platform: XP, platformName: XP, proxy: Proxy(), setWindowRect: true, strictFileInteractability: false, timeouts: {implicit: 0, pageLoad: 300000, script: 30000}, unhandledPromptBehavior: dismiss and notify}
Session ID: bf940936c655043b703afb523425373a&#13;
tasks.SeleccionarHotel.performAs(SeleccionarHotel.java:12)&#13;
com.co.proyectobase.screenplay.stepdefinitions.RetoScreenPlayStepDefinitions.elClienteSeleccionaElHotelDeSuPreferencia(RetoScreenPlayStepDefinitions.java:50)&#13;
cucumber.runner.Runner.runPickle(Runner.java:80)&#13;
</system-err></testcase></testsuite>